<?xml version="1.0" encoding="UTF-8"?>
<testsuite xmlns:xsi="http://www.w3.org/2001/XMLSchema-instance" xsi:noNamespaceSchemaLocation="https://maven.apache.org/surefire/maven-surefire-plugin/xsd/surefire-test-report-3.0.xsd" version="3.0" name="com.luv2code.springboot.demo.mycoolapp.MycoolappApplicationTests" time="2.953" tests="1" errors="0" skipped="0" failures="0">
  <properties>
[...]
</properties>
  <testcase name="contextLoads" classname="com.luv2code.springboot.demo.mycoolapp.MycoolappApplicationTests" time="1.077">
    <system-out><![CDATA[09:38:23.866 [main] INFO org.springframework.test.context.support.AnnotationConfigContextLoaderUtils -- Could not detect default configuration classes for test class [com.luv2code.springboot.demo.mycoolapp.MycoolappApplicationTests]: MycoolappApplicationTests does not declare any static, non-private, non-final, nested classes annotated with @Configuration.
09:38:23.963 [main] INFO org.springframework.boot.test.context.SpringBootTestContextBootstrapper -- Found @SpringBootConfiguration com.luv2code.springboot.demo.mycoolapp.MycoolappApplication for test class com.luv2code.springboot.demo.mycoolapp.MycoolappApplicationTests

   ______                                         __  __       __
  / ____/  __  __   _____   _____  ____          / / / /  ____/ /  ___    ____ ___    __  __
 / /      / / / /  / ___/  / ___/ / __ \        / / / /  / __  /  / _ \  / __ `__ \  / / / /
/ /___   / /_/ /  / /     (__  ) / /_/ /       / /_/ /  / /_/ /  /  __/ / / / / / / / /_/ /
\____/   \__,_/  /_/     /____/  \____/        \____/   \__,_/   \___/ /_/ /_/ /_/  \__, /
                                                                                   /____/

2023-08-10T09:38:24.378+02:00  INFO 14360 --- [           main] c.l.s.d.m.MycoolappApplicationTests      : Starting MycoolappApplicationTests using Java 17.0.6 with PID 14360 (started by mvillalr in C:\Users\mvillalr\udemy\01-spring-boot-overview\05-command-line-demo)
2023-08-10T09:38:24.380+02:00  INFO 14360 --- [           main] c.l.s.d.m.MycoolappApplicationTests      : No active profile set, falling back to 1 default profile: "default"
2023-08-10T09:38:25.558+02:00  INFO 14360 --- [           main] c.l.s.d.m.MycoolappApplicationTests      : Started MycoolappApplicationTests in 1.459 seconds (process running for 2.349)
]]></system-out>
  </testcase>
</testsuite>